Using pre-set license
Built from '2020.2/release' branch; Version is '2020.2.0f1 (3721df5a8b28) revision 3613151'; Using compiler version '192528614'; Build Type 'Release'
OS: 'Windows 10  (10.0.0) 64bit' Language: 'en' Physical Memory: 8029 MB
BatchMode: 1, IsHumanControllingUs: 0, StartBugReporterOnCrash: 0, Is64bit: 1, IsPro: 0

 COMMAND LINE ARGUMENTS:
C:\Program Files\unity 2020.2.0f1\Editor\Unity.exe
-adb2
-batchMode
-noUpm
-name
AssetImportWorker1
-projectPath
R:/Unity/Pacman
-logFile
Logs/AssetImportWorker1.log
-srvPort
53034
Successfully changed project path to: R:/Unity/Pacman
R:/Unity/Pacman
Using Asset Import Pipeline V2.
Refreshing native plugins compatible for Editor in 34.43 ms, found 1 plugins.
Preloading 0 native plugins for Editor in 0.00 ms.
Initialize engine version: 2020.2.0f1 (3721df5a8b28)
[Subsystems] Discovering subsystems at path C:/Program Files/unity 2020.2.0f1/Editor/Data/Resources/UnitySubsystems
[Subsystems] Discovering subsystems at path R:/Unity/Pacman/Assets
GfxDevice: creating device client; threaded=0
Direct3D:
    Version:  Direct3D 11.0 [level 11.1]
    Renderer: NVIDIA GeForce GTX 1650 (ID=0x1f99)
    Vendor:   
    VRAM:     3962 MB
    Driver:   27.21.14.5730
Initialize mono
Mono path[0] = 'C:/Program Files/unity 2020.2.0f1/Editor/Data/Managed'
Mono path[1] = 'C:/Program Files/unity 2020.2.0f1/Editor/Data/MonoBleedingEdge/lib/mono/unityjit'
Mono config path = 'C:/Program Files/unity 2020.2.0f1/Editor/Data/MonoBleedingEdge/etc'
Using monoOptions --debugger-agent=transport=dt_socket,embedding=1,server=y,suspend=n,address=127.0.0.1:56052
Begin MonoManager ReloadAssembly
Registering precompiled unity dll's ...
Register platform support module: C:/Program Files/unity 2020.2.0f1/Editor/Data/PlaybackEngines/WindowsStandaloneSupport/UnityEditor.WindowsStandalone.Extensions.dll
Registered in 0.001280 seconds.
Native extension for WindowsStandalone target not found
Refreshing native plugins compatible for Editor in 36.47 ms, found 1 plugins.
Preloading 0 native plugins for Editor in 0.00 ms.
Invoked RoslynAnalysisRunner static constructor.
RoslynAnalysisRunner will not be running.
RoslynAnalysisRunner has terminated.
Mono: successfully reloaded assembly
- Completed reload, in  1.609 seconds
Platform modules already initialized, skipping
Registering precompiled user dll's ...
Registered in 0.000624 seconds.
Begin MonoManager ReloadAssembly
Native extension for WindowsStandalone target not found
Refreshing native plugins compatible for Editor in 40.81 ms, found 1 plugins.
Preloading 0 native plugins for Editor in 0.00 ms.
Invoked RoslynAnalysisRunner static constructor.
RoslynAnalysisRunner will not be running.
RoslynAnalysisRunner has terminated.
Mono: successfully reloaded assembly
- Completed reload, in  0.990 seconds
Platform modules already initialized, skipping
========================================================================
Worker process is ready to serve import requests
Launched and connected shader compiler UnityShaderCompiler.exe after 0.03 seconds
Refreshing native plugins compatible for Editor in 0.38 ms, found 1 plugins.
Preloading 0 native plugins for Editor in 0.00 ms.
Unloading 1796 Unused Serialized files (Serialized files now loaded: 0)
System memory in use before: 84.0 MB.
System memory in use after: 83.9 MB.

Unloading 24 unused Assets to reduce memory usage. Loaded Objects now: 2235.
Total: 1.840800 ms (FindLiveObjects: 0.209800 ms CreateObjectMapping: 0.098200 ms MarkObjects: 1.436600 ms  DeleteObjects: 0.095000 ms)

========================================================================
Received Import Request.
  path: Assets/Scenes/Level2.unity
  artifactKey: Guid(478f8c74e9a8d384b80c7812c97cdaf6) Importer(815301076,1909f56bfc062723c751e8b465ee728b)
Start importing Assets/Scenes/Level2.unity using Guid(478f8c74e9a8d384b80c7812c97cdaf6) Importer(815301076,1909f56bfc062723c751e8b465ee728b)  -> (artifact id: 'de00038f26f891a8a4e9553edc2ef82e') in 0.011987 seconds
  Import took 0.015104 seconds .

========================================================================
Received Prepare
Refreshing native plugins compatible for Editor in 1.82 ms, found 1 plugins.
Preloading 0 native plugins for Editor in 0.00 ms.
Unloading 10 Unused Serialized files (Serialized files now loaded: 0)
System memory in use before: 48.6 MB.
System memory in use after: 48.6 MB.

Unloading 10 unused Assets to reduce memory usage. Loaded Objects now: 2235.
Total: 2.368200 ms (FindLiveObjects: 0.220100 ms CreateObjectMapping: 0.084100 ms MarkObjects: 1.972400 ms  DeleteObjects: 0.090000 ms)

========================================================================
Received Import Request.
  Time since last request: 12.177707 seconds.
  path: Assets/Scenes/Level3 1.unity
  artifactKey: Guid(5cf0113e939a7b14e8f4cba7759dd7f9) Importer(815301076,1909f56bfc062723c751e8b465ee728b)
Start importing Assets/Scenes/Level3 1.unity using Guid(5cf0113e939a7b14e8f4cba7759dd7f9) Importer(815301076,1909f56bfc062723c751e8b465ee728b)  -> (artifact id: 'fe08f9d5e6347868cf057925726e4d0e') in 0.009796 seconds
  Import took 0.012810 seconds .

========================================================================
Received Import Request.
  Time since last request: 0.004027 seconds.
  path: Assets/Scenes/Level3 1.unity
  artifactKey: Guid(5cf0113e939a7b14e8f4cba7759dd7f9) Importer(815301076,1909f56bfc062723c751e8b465ee728b)
Start importing Assets/Scenes/Level3 1.unity using Guid(5cf0113e939a7b14e8f4cba7759dd7f9) Importer(815301076,1909f56bfc062723c751e8b465ee728b)  -> (artifact id: 'fe08f9d5e6347868cf057925726e4d0e') in 0.002472 seconds
  Import took 0.007492 seconds .

========================================================================
Received Import Request.
  Time since last request: 8.959327 seconds.
  path: Assets/Scenes/Level4.unity
  artifactKey: Guid(5cf0113e939a7b14e8f4cba7759dd7f9) Importer(815301076,1909f56bfc062723c751e8b465ee728b)
Start importing Assets/Scenes/Level4.unity using Guid(5cf0113e939a7b14e8f4cba7759dd7f9) Importer(815301076,1909f56bfc062723c751e8b465ee728b)  -> (artifact id: '2204da324020f4a2e60f5da696410810') in 0.006730 seconds
  Import took 0.011874 seconds .

========================================================================
Received Import Request.
  Time since last request: 15.057937 seconds.
  path: Assets/Scenes/Level1.unity
  artifactKey: Guid(0e1f193653c438c49b86b322f600c0c1) Importer(815301076,1909f56bfc062723c751e8b465ee728b)
Start importing Assets/Scenes/Level1.unity using Guid(0e1f193653c438c49b86b322f600c0c1) Importer(815301076,1909f56bfc062723c751e8b465ee728b)  -> (artifact id: 'd5ba196c2aa1d89360b3e577b09cc054') in 0.002141 seconds
  Import took 0.005106 seconds .

========================================================================
Received Prepare
Registering precompiled user dll's ...
Registered in 0.000755 seconds.
Begin MonoManager ReloadAssembly
Native extension for WindowsStandalone target not found
Refreshing native plugins compatible for Editor in 0.51 ms, found 1 plugins.
Preloading 0 native plugins for Editor in 0.00 ms.
Invoked RoslynAnalysisRunner static constructor.
RoslynAnalysisRunner will not be running.
RoslynAnalysisRunner has terminated.
Mono: successfully reloaded assembly
- Completed reload, in  0.783 seconds
Platform modules already initialized, skipping
Refreshing native plugins compatible for Editor in 0.35 ms, found 1 plugins.
Preloading 0 native plugins for Editor in 0.00 ms.
Unloading 1793 Unused Serialized files (Serialized files now loaded: 0)
System memory in use before: 84.1 MB.
System memory in use after: 84.1 MB.

Unloading 12 unused Assets to reduce memory usage. Loaded Objects now: 2238.
Total: 1.978600 ms (FindLiveObjects: 0.164500 ms CreateObjectMapping: 0.055500 ms MarkObjects: 1.665400 ms  DeleteObjects: 0.091900 ms)

========================================================================
Received Prepare
Registering precompiled user dll's ...
Registered in 0.001059 seconds.
Begin MonoManager ReloadAssembly
Native extension for WindowsStandalone target not found
Refreshing native plugins compatible for Editor in 0.34 ms, found 1 plugins.
Preloading 0 native plugins for Editor in 0.00 ms.
Invoked RoslynAnalysisRunner static constructor.
RoslynAnalysisRunner will not be running.
RoslynAnalysisRunner has terminated.
Mono: successfully reloaded assembly
- Completed reload, in  0.786 seconds
Platform modules already initialized, skipping
Refreshing native plugins compatible for Editor in 0.42 ms, found 1 plugins.
Preloading 0 native plugins for Editor in 0.00 ms.
Unloading 1794 Unused Serialized files (Serialized files now loaded: 0)
System memory in use before: 84.3 MB.
System memory in use after: 84.3 MB.

Unloading 12 unused Assets to reduce memory usage. Loaded Objects now: 2241.
Total: 2.043400 ms (FindLiveObjects: 0.193500 ms CreateObjectMapping: 0.075800 ms MarkObjects: 1.654900 ms  DeleteObjects: 0.118000 ms)

========================================================================
Received Import Request.
  Time since last request: 132.956284 seconds.
  path: Assets/Scenes/Level2.unity
  artifactKey: Guid(478f8c74e9a8d384b80c7812c97cdaf6) Importer(815301076,1909f56bfc062723c751e8b465ee728b)
Start importing Assets/Scenes/Level2.unity using Guid(478f8c74e9a8d384b80c7812c97cdaf6) Importer(815301076,1909f56bfc062723c751e8b465ee728b)  -> (artifact id: '713a58c53418cbca53ea538ef4360955') in 0.010998 seconds
  Import took 0.014172 seconds .

========================================================================
Received Import Request.
  Time since last request: 34.086235 seconds.
  path: Assets/ReserScript.cs
  artifactKey: Guid(365f47ba447c78d4e8f8279bc6385cad) Importer(815301076,1909f56bfc062723c751e8b465ee728b)
Start importing Assets/ReserScript.cs using Guid(365f47ba447c78d4e8f8279bc6385cad) Importer(815301076,1909f56bfc062723c751e8b465ee728b)  -> (artifact id: 'b0d5f5e974f864ac5a8e80eaecbe5fbb') in 0.022384 seconds
  Import took 0.025586 seconds .

========================================================================
Received Prepare
Registering precompiled user dll's ...
Registered in 0.001057 seconds.
Begin MonoManager ReloadAssembly
Native extension for WindowsStandalone target not found
Refreshing native plugins compatible for Editor in 0.34 ms, found 1 plugins.
Preloading 0 native plugins for Editor in 0.00 ms.
Invoked RoslynAnalysisRunner static constructor.
RoslynAnalysisRunner will not be running.
RoslynAnalysisRunner has terminated.
Mono: successfully reloaded assembly
- Completed reload, in  0.807 seconds
Platform modules already initialized, skipping
Refreshing native plugins compatible for Editor in 0.35 ms, found 1 plugins.
Preloading 0 native plugins for Editor in 0.00 ms.
Unloading 1794 Unused Serialized files (Serialized files now loaded: 0)
System memory in use before: 84.4 MB.
System memory in use after: 84.4 MB.

Unloading 12 unused Assets to reduce memory usage. Loaded Objects now: 2244.
Total: 1.887200 ms (FindLiveObjects: 0.210500 ms CreateObjectMapping: 0.061500 ms MarkObjects: 1.532800 ms  DeleteObjects: 0.081400 ms)

========================================================================
Received Import Request.
  Time since last request: 29.950807 seconds.
  path: Assets/ReserScript.cs
  artifactKey: Guid(365f47ba447c78d4e8f8279bc6385cad) Importer(815301076,1909f56bfc062723c751e8b465ee728b)
Start importing Assets/ReserScript.cs using Guid(365f47ba447c78d4e8f8279bc6385cad) Importer(815301076,1909f56bfc062723c751e8b465ee728b)  -> (artifact id: '9b9510833a18ddb0e3002c7b416b5df4') in 0.003673 seconds
  Import took 0.006161 seconds .

========================================================================
Received Import Request.
  Time since last request: 101.958596 seconds.
  path: Assets/Scenes/Level1.unity
  artifactKey: Guid(0e1f193653c438c49b86b322f600c0c1) Importer(815301076,1909f56bfc062723c751e8b465ee728b)
Start importing Assets/Scenes/Level1.unity using Guid(0e1f193653c438c49b86b322f600c0c1) Importer(815301076,1909f56bfc062723c751e8b465ee728b)  -> (artifact id: '85852854f273918e98510a86e49df817') in 0.009758 seconds
  Import took 0.012964 seconds .

========================================================================
Received Import Request.
  Time since last request: 0.001487 seconds.
  path: Assets/Scenes/Level1.unity
  artifactKey: Guid(0e1f193653c438c49b86b322f600c0c1) Importer(815301076,1909f56bfc062723c751e8b465ee728b)
Start importing Assets/Scenes/Level1.unity using Guid(0e1f193653c438c49b86b322f600c0c1) Importer(815301076,1909f56bfc062723c751e8b465ee728b)  -> (artifact id: '85852854f273918e98510a86e49df817') in 0.002218 seconds
  Import took 0.005313 seconds .

========================================================================
Received Import Request.
  Time since last request: 11.241187 seconds.
  path: Assets/Prefabs/ResetLevel.prefab
  artifactKey: Guid(bed02b940e646ed42a7dbafce2757749) Importer(815301076,1909f56bfc062723c751e8b465ee728b)
Start importing Assets/Prefabs/ResetLevel.prefab using Guid(bed02b940e646ed42a7dbafce2757749) Importer(815301076,1909f56bfc062723c751e8b465ee728b)  -> (artifact id: 'be37ca393f3b8dd106442fa93ceff238') in 0.023323 seconds
  Import took 0.026608 seconds .

========================================================================
Received Import Request.
  Time since last request: 0.004588 seconds.
  path: Assets/Prefabs/ResetLevel.prefab
  artifactKey: Guid(bed02b940e646ed42a7dbafce2757749) Importer(815301076,1909f56bfc062723c751e8b465ee728b)
Start importing Assets/Prefabs/ResetLevel.prefab using Guid(bed02b940e646ed42a7dbafce2757749) Importer(815301076,1909f56bfc062723c751e8b465ee728b)  -> (artifact id: 'be37ca393f3b8dd106442fa93ceff238') in 0.004161 seconds
  Import took 0.008179 seconds .

========================================================================
Received Import Request.
  Time since last request: 5.209282 seconds.
  path: Assets/Prefabs/ResetLevel 1.prefab
  artifactKey: Guid(89580d7a437e6744cb7dac8d29626f9f) Importer(815301076,1909f56bfc062723c751e8b465ee728b)
Start importing Assets/Prefabs/ResetLevel 1.prefab using Guid(89580d7a437e6744cb7dac8d29626f9f) Importer(815301076,1909f56bfc062723c751e8b465ee728b)  -> (artifact id: 'f985594c2dd05c77c4b291be69664979') in 0.009883 seconds
  Import took 0.013272 seconds .

========================================================================
Received Import Request.
  Time since last request: 86.225549 seconds.
  path: Assets/Scenes/Level1.unity
  artifactKey: Guid(0e1f193653c438c49b86b322f600c0c1) Importer(815301076,1909f56bfc062723c751e8b465ee728b)
Start importing Assets/Scenes/Level1.unity using Guid(0e1f193653c438c49b86b322f600c0c1) Importer(815301076,1909f56bfc062723c751e8b465ee728b)  -> (artifact id: '5efaccb7c58bb87ce58f2beb0f09a318') in 0.001839 seconds
  Import took 0.005051 seconds .

========================================================================
Received Import Request.
  Time since last request: 0.004790 seconds.
  path: Assets/Scenes/Level1.unity
  artifactKey: Guid(0e1f193653c438c49b86b322f600c0c1) Importer(815301076,1909f56bfc062723c751e8b465ee728b)
Start importing Assets/Scenes/Level1.unity using Guid(0e1f193653c438c49b86b322f600c0c1) Importer(815301076,1909f56bfc062723c751e8b465ee728b)  -> (artifact id: '5efaccb7c58bb87ce58f2beb0f09a318') in 0.004340 seconds
  Import took 0.008190 seconds .

========================================================================
Received Prepare
Registering precompiled user dll's ...
Registered in 0.000915 seconds.
Begin MonoManager ReloadAssembly
Native extension for WindowsStandalone target not found
Refreshing native plugins compatible for Editor in 0.35 ms, found 1 plugins.
Preloading 0 native plugins for Editor in 0.00 ms.
Invoked RoslynAnalysisRunner static constructor.
RoslynAnalysisRunner will not be running.
RoslynAnalysisRunner has terminated.
Mono: successfully reloaded assembly
- Completed reload, in  0.807 seconds
Platform modules already initialized, skipping
Refreshing native plugins compatible for Editor in 0.35 ms, found 1 plugins.
Preloading 0 native plugins for Editor in 0.00 ms.
Unloading 1794 Unused Serialized files (Serialized files now loaded: 0)
System memory in use before: 84.5 MB.
System memory in use after: 84.5 MB.

Unloading 12 unused Assets to reduce memory usage. Loaded Objects now: 2247.
Total: 1.969200 ms (FindLiveObjects: 0.175500 ms CreateObjectMapping: 0.060800 ms MarkObjects: 1.646200 ms  DeleteObjects: 0.085700 ms)

========================================================================
Received Prepare
Registering precompiled user dll's ...
Registered in 0.000596 seconds.
Begin MonoManager ReloadAssembly
Native extension for WindowsStandalone target not found
Refreshing native plugins compatible for Editor in 0.33 ms, found 1 plugins.
Preloading 0 native plugins for Editor in 0.00 ms.
Invoked RoslynAnalysisRunner static constructor.
RoslynAnalysisRunner will not be running.
RoslynAnalysisRunner has terminated.
Mono: successfully reloaded assembly
- Completed reload, in  0.784 seconds
Platform modules already initialized, skipping
Refreshing native plugins compatible for Editor in 0.40 ms, found 1 plugins.
Preloading 0 native plugins for Editor in 0.00 ms.
Unloading 1794 Unused Serialized files (Serialized files now loaded: 0)
System memory in use before: 84.4 MB.
System memory in use after: 84.4 MB.

Unloading 12 unused Assets to reduce memory usage. Loaded Objects now: 2250.
Total: 2.494400 ms (FindLiveObjects: 0.326700 ms CreateObjectMapping: 0.101400 ms MarkObjects: 1.944900 ms  DeleteObjects: 0.119000 ms)

========================================================================
Received Import Request.
  Time since last request: 116.299953 seconds.
  path: Assets/Scenes/Level2.unity
  artifactKey: Guid(478f8c74e9a8d384b80c7812c97cdaf6) Importer(815301076,1909f56bfc062723c751e8b465ee728b)
Start importing Assets/Scenes/Level2.unity using Guid(478f8c74e9a8d384b80c7812c97cdaf6) Importer(815301076,1909f56bfc062723c751e8b465ee728b)  -> (artifact id: 'e5341bf70e21e7101f517839e4994d80') in 0.015117 seconds
  Import took 0.018766 seconds .

========================================================================
Received Prepare
Registering precompiled user dll's ...
Registered in 0.000922 seconds.
Begin MonoManager ReloadAssembly
Native extension for WindowsStandalone target not found
Refreshing native plugins compatible for Editor in 0.34 ms, found 1 plugins.
Preloading 0 native plugins for Editor in 0.00 ms.
Invoked RoslynAnalysisRunner static constructor.
RoslynAnalysisRunner will not be running.
RoslynAnalysisRunner has terminated.
Mono: successfully reloaded assembly
- Completed reload, in  0.926 seconds
Platform modules already initialized, skipping
Refreshing native plugins compatible for Editor in 0.35 ms, found 1 plugins.
Preloading 0 native plugins for Editor in 0.00 ms.
Unloading 1794 Unused Serialized files (Serialized files now loaded: 0)
System memory in use before: 84.5 MB.
System memory in use after: 84.5 MB.

Unloading 12 unused Assets to reduce memory usage. Loaded Objects now: 2253.
Total: 1.819500 ms (FindLiveObjects: 0.166300 ms CreateObjectMapping: 0.062200 ms MarkObjects: 1.504900 ms  DeleteObjects: 0.085100 ms)

========================================================================
Received Prepare
Registering precompiled user dll's ...
Registered in 0.000628 seconds.
Begin MonoManager ReloadAssembly
Native extension for WindowsStandalone target not found
Refreshing native plugins compatible for Editor in 0.36 ms, found 1 plugins.
Preloading 0 native plugins for Editor in 0.00 ms.
Invoked RoslynAnalysisRunner static constructor.
RoslynAnalysisRunner will not be running.
RoslynAnalysisRunner has terminated.
Mono: successfully reloaded assembly
- Completed reload, in  0.787 seconds
Platform modules already initialized, skipping
Refreshing native plugins compatible for Editor in 0.39 ms, found 1 plugins.
Preloading 0 native plugins for Editor in 0.00 ms.
Unloading 1794 Unused Serialized files (Serialized files now loaded: 0)
System memory in use before: 84.6 MB.
System memory in use after: 84.6 MB.

Unloading 12 unused Assets to reduce memory usage. Loaded Objects now: 2256.
Total: 2.041500 ms (FindLiveObjects: 0.216100 ms CreateObjectMapping: 0.073900 ms MarkObjects: 1.665100 ms  DeleteObjects: 0.085000 ms)

========================================================================
Received Import Request.
  Time since last request: 423.125246 seconds.
  path: Assets/Scenes/Level2.unity
  artifactKey: Guid(478f8c74e9a8d384b80c7812c97cdaf6) Importer(815301076,1909f56bfc062723c751e8b465ee728b)
Start importing Assets/Scenes/Level2.unity using Guid(478f8c74e9a8d384b80c7812c97cdaf6) Importer(815301076,1909f56bfc062723c751e8b465ee728b)  -> (artifact id: 'a1d07ce93fafdd576ce3f78f01c11c80') in 0.011994 seconds
  Import took 0.014993 seconds .

========================================================================
Received Prepare
Registering precompiled user dll's ...
Registered in 0.000905 seconds.
Begin MonoManager ReloadAssembly
Native extension for WindowsStandalone target not found
Refreshing native plugins compatible for Editor in 0.34 ms, found 1 plugins.
Preloading 0 native plugins for Editor in 0.00 ms.
Invoked RoslynAnalysisRunner static constructor.
RoslynAnalysisRunner will not be running.
RoslynAnalysisRunner has terminated.
Mono: successfully reloaded assembly
- Completed reload, in  0.872 seconds
Platform modules already initialized, skipping
Refreshing native plugins compatible for Editor in 0.37 ms, found 1 plugins.
Preloading 0 native plugins for Editor in 0.00 ms.
Unloading 1794 Unused Serialized files (Serialized files now loaded: 0)
System memory in use before: 84.6 MB.
System memory in use after: 84.6 MB.

Unloading 12 unused Assets to reduce memory usage. Loaded Objects now: 2259.
Total: 2.042300 ms (FindLiveObjects: 0.169000 ms CreateObjectMapping: 0.066300 ms MarkObjects: 1.721100 ms  DeleteObjects: 0.084900 ms)

========================================================================
Received Prepare
Registering precompiled user dll's ...
Registered in 0.000629 seconds.
Begin MonoManager ReloadAssembly
Native extension for WindowsStandalone target not found
Refreshing native plugins compatible for Editor in 0.35 ms, found 1 plugins.
Preloading 0 native plugins for Editor in 0.00 ms.
Invoked RoslynAnalysisRunner static constructor.
RoslynAnalysisRunner will not be running.
RoslynAnalysisRunner has terminated.
Mono: successfully reloaded assembly
- Completed reload, in  0.802 seconds
Platform modules already initialized, skipping
Refreshing native plugins compatible for Editor in 0.35 ms, found 1 plugins.
Preloading 0 native plugins for Editor in 0.00 ms.
Unloading 1794 Unused Serialized files (Serialized files now loaded: 0)
System memory in use before: 84.7 MB.
System memory in use after: 84.7 MB.

Unloading 12 unused Assets to reduce memory usage. Loaded Objects now: 2262.
Total: 1.959000 ms (FindLiveObjects: 0.295400 ms CreateObjectMapping: 0.106800 ms MarkObjects: 1.469900 ms  DeleteObjects: 0.086000 ms)

========================================================================
Received Prepare
Registering precompiled user dll's ...
Registered in 0.001447 seconds.
Begin MonoManager ReloadAssembly
Native extension for WindowsStandalone target not found
Refreshing native plugins compatible for Editor in 0.39 ms, found 1 plugins.
Preloading 0 native plugins for Editor in 0.00 ms.
Invoked RoslynAnalysisRunner static constructor.
RoslynAnalysisRunner will not be running.
RoslynAnalysisRunner has terminated.
Mono: successfully reloaded assembly
- Completed reload, in  0.860 seconds
Platform modules already initialized, skipping
Refreshing native plugins compatible for Editor in 0.36 ms, found 1 plugins.
Preloading 0 native plugins for Editor in 0.00 ms.
Unloading 1794 Unused Serialized files (Serialized files now loaded: 0)
System memory in use before: 84.8 MB.
System memory in use after: 84.8 MB.

Unloading 12 unused Assets to reduce memory usage. Loaded Objects now: 2265.
Total: 2.502900 ms (FindLiveObjects: 0.259200 ms CreateObjectMapping: 0.209100 ms MarkObjects: 1.936400 ms  DeleteObjects: 0.097100 ms)

========================================================================
Received Prepare
Registering precompiled user dll's ...
Registered in 0.000567 seconds.
Begin MonoManager ReloadAssembly
Native extension for WindowsStandalone target not found
Refreshing native plugins compatible for Editor in 0.77 ms, found 1 plugins.
Preloading 0 native plugins for Editor in 0.00 ms.
Invoked RoslynAnalysisRunner static constructor.
RoslynAnalysisRunner will not be running.
RoslynAnalysisRunner has terminated.
Mono: successfully reloaded assembly
- Completed reload, in  0.808 seconds
Platform modules already initialized, skipping
Refreshing native plugins compatible for Editor in 0.34 ms, found 1 plugins.
Preloading 0 native plugins for Editor in 0.00 ms.
Unloading 1794 Unused Serialized files (Serialized files now loaded: 0)
System memory in use before: 84.9 MB.
System memory in use after: 84.9 MB.

Unloading 12 unused Assets to reduce memory usage. Loaded Objects now: 2268.
Total: 2.241900 ms (FindLiveObjects: 0.289700 ms CreateObjectMapping: 0.105200 ms MarkObjects: 1.746700 ms  DeleteObjects: 0.098400 ms)

========================================================================
Received Prepare
Registering precompiled user dll's ...
Registered in 0.000635 seconds.
Begin MonoManager ReloadAssembly
Native extension for WindowsStandalone target not found
Refreshing native plugins compatible for Editor in 0.44 ms, found 1 plugins.
Preloading 0 native plugins for Editor in 0.00 ms.
Invoked RoslynAnalysisRunner static constructor.
RoslynAnalysisRunner will not be running.
RoslynAnalysisRunner has terminated.
Mono: successfully reloaded assembly
- Completed reload, in  0.846 seconds
Platform modules already initialized, skipping
Refreshing native plugins compatible for Editor in 0.36 ms, found 1 plugins.
Preloading 0 native plugins for Editor in 0.00 ms.
Unloading 1794 Unused Serialized files (Serialized files now loaded: 0)
System memory in use before: 85.0 MB.
System memory in use after: 85.0 MB.

Unloading 12 unused Assets to reduce memory usage. Loaded Objects now: 2271.
Total: 1.999500 ms (FindLiveObjects: 0.229000 ms CreateObjectMapping: 0.075400 ms MarkObjects: 1.604600 ms  DeleteObjects: 0.089400 ms)

========================================================================
Received Prepare
Registering precompiled user dll's ...
Registered in 0.001629 seconds.
Begin MonoManager ReloadAssembly
Native extension for WindowsStandalone target not found
Refreshing native plugins compatible for Editor in 0.54 ms, found 1 plugins.
Preloading 0 native plugins for Editor in 0.00 ms.
Invoked RoslynAnalysisRunner static constructor.
RoslynAnalysisRunner will not be running.
RoslynAnalysisRunner has terminated.
Mono: successfully reloaded assembly
- Completed reload, in  2.303 seconds
Platform modules already initialized, skipping
Refreshing native plugins compatible for Editor in 0.79 ms, found 1 plugins.
Preloading 0 native plugins for Editor in 0.00 ms.
Unloading 1794 Unused Serialized files (Serialized files now loaded: 0)
System memory in use before: 85.0 MB.
System memory in use after: 85.0 MB.

Unloading 12 unused Assets to reduce memory usage. Loaded Objects now: 2274.
Total: 4.131100 ms (FindLiveObjects: 0.315900 ms CreateObjectMapping: 0.176700 ms MarkObjects: 3.459200 ms  DeleteObjects: 0.177000 ms)

========================================================================
Received Import Request.
  Time since last request: 695.364128 seconds.
  path: Assets/GhostScript.cs
  artifactKey: Guid(790b98320199aff47ad259a5f2348b84) Importer(815301076,1909f56bfc062723c751e8b465ee728b)
Start importing Assets/GhostScript.cs using Guid(790b98320199aff47ad259a5f2348b84) Importer(815301076,1909f56bfc062723c751e8b465ee728b)  -> (artifact id: 'a744d72ff832c792e3d38c3b988343f1') in 0.019192 seconds
  Import took 0.025302 seconds .

========================================================================
Received Import Request.
  Time since last request: 0.421650 seconds.
  path: Assets/PatrollerEnemy.cs
  artifactKey: Guid(a49cac68bef2e0c40902b343d152cf3a) Importer(815301076,1909f56bfc062723c751e8b465ee728b)
Start importing Assets/PatrollerEnemy.cs using Guid(a49cac68bef2e0c40902b343d152cf3a) Importer(815301076,1909f56bfc062723c751e8b465ee728b)  -> (artifact id: 'faa942b826f7dbb2c408ff0be535ba10') in 0.012480 seconds
  Import took 0.017451 seconds .

========================================================================
Received Import Request.
  Time since last request: 3.618594 seconds.
  path: Assets/Scenes/Level3.unity
  artifactKey: Guid(ba5003a1fa116a944b7099adf2cb6fa6) Importer(815301076,1909f56bfc062723c751e8b465ee728b)
Start importing Assets/Scenes/Level3.unity using Guid(ba5003a1fa116a944b7099adf2cb6fa6) Importer(815301076,1909f56bfc062723c751e8b465ee728b)  -> (artifact id: '9b61c8de690d8faca7ed2322bc3e9eb8') in 0.019297 seconds
  Import took 0.023408 seconds .

========================================================================
Received Import Request.
  Time since last request: 0.007474 seconds.
  path: Assets/Scenes/Level3.unity
  artifactKey: Guid(ba5003a1fa116a944b7099adf2cb6fa6) Importer(815301076,1909f56bfc062723c751e8b465ee728b)
Start importing Assets/Scenes/Level3.unity using Guid(ba5003a1fa116a944b7099adf2cb6fa6) Importer(815301076,1909f56bfc062723c751e8b465ee728b)  -> (artifact id: '9b61c8de690d8faca7ed2322bc3e9eb8') in 0.002769 seconds
  Import took 0.007587 seconds .

========================================================================
Received Import Request.
  Time since last request: 133.646585 seconds.
  path: Assets/Scenes/Level3.unity
  artifactKey: Guid(ba5003a1fa116a944b7099adf2cb6fa6) Importer(815301076,1909f56bfc062723c751e8b465ee728b)
Start importing Assets/Scenes/Level3.unity using Guid(ba5003a1fa116a944b7099adf2cb6fa6) Importer(815301076,1909f56bfc062723c751e8b465ee728b)  -> (artifact id: '1d3d2a2469c919e0738e94ce1f0cf06e') in 0.006149 seconds
  Import took 0.014999 seconds .

========================================================================
Received Prepare
Registering precompiled user dll's ...
Registered in 0.002018 seconds.
Begin MonoManager ReloadAssembly
Native extension for WindowsStandalone target not found
Refreshing native plugins compatible for Editor in 0.54 ms, found 1 plugins.
Preloading 0 native plugins for Editor in 0.00 ms.
Invoked RoslynAnalysisRunner static constructor.
RoslynAnalysisRunner will not be running.
RoslynAnalysisRunner has terminated.
Mono: successfully reloaded assembly
- Completed reload, in  1.231 seconds
Platform modules already initialized, skipping
Refreshing native plugins compatible for Editor in 0.40 ms, found 1 plugins.
Preloading 0 native plugins for Editor in 0.00 ms.
Unloading 1794 Unused Serialized files (Serialized files now loaded: 0)
System memory in use before: 85.1 MB.
System memory in use after: 85.1 MB.

Unloading 12 unused Assets to reduce memory usage. Loaded Objects now: 2277.
Total: 3.133700 ms (FindLiveObjects: 0.317900 ms CreateObjectMapping: 0.109300 ms MarkObjects: 2.530000 ms  DeleteObjects: 0.174100 ms)

========================================================================
Received Prepare
Registering precompiled user dll's ...
Registered in 0.001498 seconds.
Begin MonoManager ReloadAssembly
Native extension for WindowsStandalone target not found
Refreshing native plugins compatible for Editor in 0.81 ms, found 1 plugins.
Preloading 0 native plugins for Editor in 0.00 ms.
Invoked RoslynAnalysisRunner static constructor.
RoslynAnalysisRunner will not be running.
RoslynAnalysisRunner has terminated.
Mono: successfully reloaded assembly
- Completed reload, in  2.188 seconds
Platform modules already initialized, skipping
Refreshing native plugins compatible for Editor in 0.70 ms, found 1 plugins.
Preloading 0 native plugins for Editor in 0.00 ms.
Unloading 1794 Unused Serialized files (Serialized files now loaded: 0)
System memory in use before: 85.2 MB.
System memory in use after: 85.2 MB.

Unloading 12 unused Assets to reduce memory usage. Loaded Objects now: 2280.
Total: 3.190700 ms (FindLiveObjects: 0.267300 ms CreateObjectMapping: 0.113900 ms MarkObjects: 2.660600 ms  DeleteObjects: 0.146800 ms)

========================================================================
Received Prepare
Registering precompiled user dll's ...
Registered in 0.001174 seconds.
Begin MonoManager ReloadAssembly
Native extension for WindowsStandalone target not found
Refreshing native plugins compatible for Editor in 0.48 ms, found 1 plugins.
Preloading 0 native plugins for Editor in 0.00 ms.
Invoked RoslynAnalysisRunner static constructor.
RoslynAnalysisRunner will not be running.
RoslynAnalysisRunner has terminated.
Mono: successfully reloaded assembly
- Completed reload, in  2.063 seconds
Platform modules already initialized, skipping
Refreshing native plugins compatible for Editor in 0.67 ms, found 1 plugins.
Preloading 0 native plugins for Editor in 0.00 ms.
Unloading 1794 Unused Serialized files (Serialized files now loaded: 0)
System memory in use before: 85.3 MB.
System memory in use after: 85.3 MB.

Unloading 12 unused Assets to reduce memory usage. Loaded Objects now: 2283.
Total: 4.153800 ms (FindLiveObjects: 0.294500 ms CreateObjectMapping: 0.114500 ms MarkObjects: 3.539900 ms  DeleteObjects: 0.202100 ms)

========================================================================
Received Prepare
Registering precompiled user dll's ...
Registered in 0.000929 seconds.
Begin MonoManager ReloadAssembly
Native extension for WindowsStandalone target not found
Refreshing native plugins compatible for Editor in 0.47 ms, found 1 plugins.
Preloading 0 native plugins for Editor in 0.00 ms.
Invoked RoslynAnalysisRunner static constructor.
RoslynAnalysisRunner will not be running.
RoslynAnalysisRunner has terminated.
Mono: successfully reloaded assembly
- Completed reload, in  1.537 seconds
Platform modules already initialized, skipping
Refreshing native plugins compatible for Editor in 0.49 ms, found 1 plugins.
Preloading 0 native plugins for Editor in 0.00 ms.
Unloading 1794 Unused Serialized files (Serialized files now loaded: 0)
System memory in use before: 85.3 MB.
System memory in use after: 85.3 MB.

Unloading 12 unused Assets to reduce memory usage. Loaded Objects now: 2286.
Total: 3.414600 ms (FindLiveObjects: 0.318700 ms CreateObjectMapping: 0.097900 ms MarkObjects: 2.889000 ms  DeleteObjects: 0.107000 ms)

========================================================================
Received Import Request.
  Time since last request: 339.733986 seconds.
  path: Assets/Scripts
  artifactKey: Guid(60bf5202c5a1a4d4c94f37363d1aca15) Importer(815301076,1909f56bfc062723c751e8b465ee728b)
Start importing Assets/Scripts using Guid(60bf5202c5a1a4d4c94f37363d1aca15) Importer(815301076,1909f56bfc062723c751e8b465ee728b)  -> (artifact id: '55673e3d25bbccab7179b3afa18e8f6a') in 0.018161 seconds
  Import took 0.025591 seconds .

========================================================================
Received Import Request.
  Time since last request: 0.017833 seconds.
  path: Assets/Scripts
  artifactKey: Guid(60bf5202c5a1a4d4c94f37363d1aca15) Importer(815301076,1909f56bfc062723c751e8b465ee728b)
Start importing Assets/Scripts using Guid(60bf5202c5a1a4d4c94f37363d1aca15) Importer(815301076,1909f56bfc062723c751e8b465ee728b)  -> (artifact id: '55673e3d25bbccab7179b3afa18e8f6a') in 0.003090 seconds
  Import took 0.008921 seconds .

========================================================================
Received Import Request.
  Time since last request: 5.610565 seconds.
  path: Assets/PlayerController.cs
  artifactKey: Guid(67786995856837c4490ec7036175e1dd) Importer(815301076,1909f56bfc062723c751e8b465ee728b)
Start importing Assets/PlayerController.cs using Guid(67786995856837c4490ec7036175e1dd) Importer(815301076,1909f56bfc062723c751e8b465ee728b)  -> (artifact id: 'e83de18528a2e381d5ad05b2db51ca70') in 0.014900 seconds
  Import took 0.020598 seconds .

========================================================================
Received Import Request.
  Time since last request: 2.986208 seconds.
  path: Assets/ActiveEnemy.cs
  artifactKey: Guid(3e9ff5f59722ab34381ab01d45f95b7d) Importer(815301076,1909f56bfc062723c751e8b465ee728b)
Start importing Assets/ActiveEnemy.cs using Guid(3e9ff5f59722ab34381ab01d45f95b7d) Importer(815301076,1909f56bfc062723c751e8b465ee728b)  -> (artifact id: '10d6d022e65dc40d9561029fb2405e6d') in 0.013763 seconds
  Import took 0.019697 seconds .

========================================================================
Received Import Request.
  Time since last request: 0.009192 seconds.
  path: Assets/ActiveEnemy.cs
  artifactKey: Guid(3e9ff5f59722ab34381ab01d45f95b7d) Importer(815301076,1909f56bfc062723c751e8b465ee728b)
Start importing Assets/ActiveEnemy.cs using Guid(3e9ff5f59722ab34381ab01d45f95b7d) Importer(815301076,1909f56bfc062723c751e8b465ee728b)  -> (artifact id: '10d6d022e65dc40d9561029fb2405e6d') in 0.002522 seconds
  Import took 0.006335 seconds .

========================================================================
Received Prepare
Registering precompiled user dll's ...
Registered in 0.000824 seconds.
Begin MonoManager ReloadAssembly
Native extension for WindowsStandalone target not found
Refreshing native plugins compatible for Editor in 1.01 ms, found 1 plugins.
Preloading 0 native plugins for Editor in 0.00 ms.
Invoked RoslynAnalysisRunner static constructor.
RoslynAnalysisRunner will not be running.
RoslynAnalysisRunner has terminated.
Mono: successfully reloaded assembly
- Completed reload, in  2.333 seconds
Platform modules already initialized, skipping
Refreshing native plugins compatible for Editor in 0.87 ms, found 1 plugins.
Preloading 0 native plugins for Editor in 0.00 ms.
Unloading 1794 Unused Serialized files (Serialized files now loaded: 0)
System memory in use before: 85.4 MB.
System memory in use after: 85.4 MB.

Unloading 12 unused Assets to reduce memory usage. Loaded Objects now: 2289.
Total: 4.768200 ms (FindLiveObjects: 0.555500 ms CreateObjectMapping: 0.272800 ms MarkObjects: 3.752900 ms  DeleteObjects: 0.181600 ms)

========================================================================
Received Prepare
Registering precompiled user dll's ...
Registered in 0.000767 seconds.
Begin MonoManager ReloadAssembly
Native extension for WindowsStandalone target not found
Refreshing native plugins compatible for Editor in 0.67 ms, found 1 plugins.
Preloading 0 native plugins for Editor in 0.00 ms.
Invoked RoslynAnalysisRunner static constructor.
RoslynAnalysisRunner will not be running.
RoslynAnalysisRunner has terminated.
Mono: successfully reloaded assembly
- Completed reload, in  2.029 seconds
Platform modules already initialized, skipping
Refreshing native plugins compatible for Editor in 0.43 ms, found 1 plugins.
Preloading 0 native plugins for Editor in 0.00 ms.
Unloading 1794 Unused Serialized files (Serialized files now loaded: 0)
System memory in use before: 85.5 MB.
System memory in use after: 85.5 MB.

Unloading 12 unused Assets to reduce memory usage. Loaded Objects now: 2292.
Total: 2.437300 ms (FindLiveObjects: 0.314900 ms CreateObjectMapping: 0.082800 ms MarkObjects: 1.928000 ms  DeleteObjects: 0.109800 ms)

========================================================================
Received Prepare
Registering precompiled user dll's ...
Registered in 0.001741 seconds.
Begin MonoManager ReloadAssembly
Native extension for WindowsStandalone target not found
Refreshing native plugins compatible for Editor in 0.88 ms, found 1 plugins.
Preloading 0 native plugins for Editor in 0.00 ms.
Invoked RoslynAnalysisRunner static constructor.
RoslynAnalysisRunner will not be running.
RoslynAnalysisRunner has terminated.
Mono: successfully reloaded assembly
- Completed reload, in  1.981 seconds
Platform modules already initialized, skipping
Refreshing native plugins compatible for Editor in 0.85 ms, found 1 plugins.
Preloading 0 native plugins for Editor in 0.00 ms.
Unloading 1794 Unused Serialized files (Serialized files now loaded: 0)
System memory in use before: 85.6 MB.
System memory in use after: 85.6 MB.

Unloading 12 unused Assets to reduce memory usage. Loaded Objects now: 2295.
Total: 3.723900 ms (FindLiveObjects: 0.503000 ms CreateObjectMapping: 0.247000 ms MarkObjects: 2.801800 ms  DeleteObjects: 0.170000 ms)

========================================================================
Received Prepare
Registering precompiled user dll's ...
Registered in 0.000840 seconds.
Begin MonoManager ReloadAssembly
Native extension for WindowsStandalone target not found
Refreshing native plugins compatible for Editor in 0.78 ms, found 1 plugins.
Preloading 0 native plugins for Editor in 0.00 ms.
Invoked RoslynAnalysisRunner static constructor.
RoslynAnalysisRunner will not be running.
RoslynAnalysisRunner has terminated.
Mono: successfully reloaded assembly
- Completed reload, in  2.209 seconds
Platform modules already initialized, skipping
Refreshing native plugins compatible for Editor in 0.83 ms, found 1 plugins.
Preloading 0 native plugins for Editor in 0.00 ms.
Unloading 1794 Unused Serialized files (Serialized files now loaded: 0)
System memory in use before: 85.7 MB.
System memory in use after: 85.7 MB.

Unloading 12 unused Assets to reduce memory usage. Loaded Objects now: 2298.
Total: 4.292200 ms (FindLiveObjects: 0.307500 ms CreateObjectMapping: 0.137400 ms MarkObjects: 3.657600 ms  DeleteObjects: 0.186800 ms)

AssetImportWorkerClient::OnTransportError - code=2 error=End of file
